date # Sat 17 Oct 2020 10:37:25 AM MDT
java -jar FlowDroid/soot-infoflow-cmd/target/soot-infoflow-cmd-jar-with-dependencies.jar -ns -ne -dt 200 -ct 200 -rt 200 -a /s/chopin/l/grad/lnarmour/iot-app-analysis/apps/apps/castwebbrowsertotv.castwebvideo.webvideocaster/castwebbrowsertotv.castwebvideo.webvideocaster-27.apk -p android-sdk//platforms/ -s FlowDroid/soot-infoflow-android/SourcesAndSinks.txt
[main] INFO soot.jimple.infoflow.cmd.MainClass - Analyzing app /s/fir/e/nobackup/app-analysis/apps/apps/castwebbrowsertotv.castwebvideo.webvideocaster/castwebbrowsertotv.castwebvideo.webvideocaster-27.apk (1 of 1)...
[main] INFO soot.jimple.infoflow.android.SetupApplication - Initializing Soot...
[main] WARN soot.Scene - Android API version '28' not available, using minApkVersion '18' instead
[main] INFO soot.jimple.infoflow.android.SetupApplication - Loading dex files...
[main] WARN soot.dexpler.DexFileProvider - Multiple dex files detected, only processing 'classes.dex'. Use '-process-multiple-dex' option to process them all.
[main] INFO soot.jimple.infoflow.android.SetupApplication - ARSC file parsing took 0.04458652 seconds
[main] INFO soot.jimple.infoflow.memory.MemoryWarningSystem - Registered a memory warning system for 4,805.1 MiB
[main] INFO soot.jimple.infoflow.memory.FlowDroidTimeoutWatcher - FlowDroid timeout watcher started
[main] INFO soot.jimple.infoflow.android.entryPointCreators.AndroidEntryPointCreator - Creating Android entry point for 34 components...
[main] INFO soot.jimple.infoflow.android.SetupApplication - Constructing the callgraph...
[main] INFO soot.jimple.infoflow.android.callbacks.DefaultCallbackAnalyzer - Collecting callbacks in DEFAULT mode...
[main] INFO soot.jimple.infoflow.android.callbacks.DefaultCallbackAnalyzer - Callback analysis done.
[main] INFO soot.jimple.infoflow.android.entryPointCreators.AndroidEntryPointCreator - Creating Android entry point for 35 components...
[main] WARN soot.jimple.infoflow.android.entryPointCreators.components.ActivityEntryPointCreator - Cannot create valid constructor for com.inshot.cast.xcast.ad.i$a, because it is an interface and cannot substitute with subclass
[main] WARN soot.jimple.infoflow.android.entryPointCreators.components.ActivityEntryPointCreator - Cannot generate constructor for phantom class hl
[main] WARN soot.jimple.infoflow.android.entryPointCreators.components.ActivityEntryPointCreator - Cannot generate constructor for phantom class hm
[main] WARN soot.jimple.infoflow.android.entryPointCreators.components.ActivityEntryPointCreator - Cannot create valid constructor for com.inshot.cast.xcast.ad.s$a, because it is an interface and cannot substitute with subclass
[main] INFO soot.jimple.infoflow.android.SetupApplication - Constructing the callgraph...
[main] INFO soot.jimple.infoflow.android.callbacks.DefaultCallbackAnalyzer - Running incremental callback analysis for 31 components...
[main] INFO soot.jimple.infoflow.android.callbacks.DefaultCallbackAnalyzer - Incremental callback analysis done.
[main] INFO soot.jimple.infoflow.android.entryPointCreators.AndroidEntryPointCreator - Creating Android entry point for 35 components...
[main] WARN soot.jimple.infoflow.android.entryPointCreators.components.ActivityEntryPointCreator - Cannot create valid constructor for com.inshot.cast.xcast.view.c$b, because it is an interface and cannot substitute with subclass
[main] WARN soot.jimple.infoflow.android.entryPointCreators.components.ActivityEntryPointCreator - Cannot create valid constructor for com.inshot.cast.xcast.view.c$b, because it is an interface and cannot substitute with subclass
[main] WARN soot.jimple.infoflow.android.entryPointCreators.components.ActivityEntryPointCreator - Cannot create valid constructor for com.inshot.cast.xcast.ad.i$a, because it is an interface and cannot substitute with subclass
[main] WARN soot.jimple.infoflow.android.entryPointCreators.components.ActivityEntryPointCreator - Cannot generate constructor for phantom class hl
[main] WARN soot.jimple.infoflow.android.entryPointCreators.components.ActivityEntryPointCreator - Cannot generate constructor for phantom class hm
[main] WARN soot.jimple.infoflow.android.entryPointCreators.components.ActivityEntryPointCreator - Cannot create valid constructor for com.inshot.cast.xcast.ad.s$a, because it is an interface and cannot substitute with subclass
[main] INFO soot.jimple.infoflow.android.SetupApplication - Constructing the callgraph...
[main] INFO soot.jimple.infoflow.android.callbacks.DefaultCallbackAnalyzer - Running incremental callback analysis for 7 components...
[main] INFO soot.jimple.infoflow.android.callbacks.DefaultCallbackAnalyzer - Incremental callback analysis done.
[main] INFO soot.jimple.infoflow.android.entryPointCreators.AndroidEntryPointCreator - Creating Android entry point for 35 components...
[main] WARN soot.jimple.infoflow.android.entryPointCreators.components.ActivityEntryPointCreator - Cannot create valid constructor for com.inshot.cast.xcast.view.c$b, because it is an interface and cannot substitute with subclass
[main] WARN soot.jimple.infoflow.android.entryPointCreators.components.ActivityEntryPointCreator - Cannot create valid constructor for com.inshot.cast.xcast.view.c$b, because it is an interface and cannot substitute with subclass
[main] WARN soot.jimple.infoflow.android.entryPointCreators.components.ActivityEntryPointCreator - Cannot create valid constructor for com.inshot.cast.xcast.ad.i$a, because it is an interface and cannot substitute with subclass
[main] WARN soot.jimple.infoflow.android.entryPointCreators.components.ActivityEntryPointCreator - Cannot generate constructor for phantom class hl
[main] WARN soot.jimple.infoflow.android.entryPointCreators.components.ActivityEntryPointCreator - Cannot generate constructor for phantom class hm
[main] WARN soot.jimple.infoflow.android.entryPointCreators.components.ActivityEntryPointCreator - Cannot create valid constructor for com.inshot.cast.xcast.ad.s$a, because it is an interface and cannot substitute with subclass
[main] INFO soot.jimple.infoflow.android.SetupApplication - Constructing the callgraph...
[main] INFO soot.jimple.infoflow.android.callbacks.DefaultCallbackAnalyzer - Running incremental callback analysis for 0 components...
[main] INFO soot.jimple.infoflow.android.callbacks.DefaultCallbackAnalyzer - Incremental callback analysis done.
[main] INFO soot.jimple.infoflow.android.entryPointCreators.AndroidEntryPointCreator - Creating Android entry point for 35 components...
[main] WARN soot.jimple.infoflow.android.entryPointCreators.components.ActivityEntryPointCreator - Cannot create valid constructor for com.inshot.cast.xcast.view.c$b, because it is an interface and cannot substitute with subclass
[main] WARN soot.jimple.infoflow.android.entryPointCreators.components.ActivityEntryPointCreator - Cannot create valid constructor for com.inshot.cast.xcast.view.c$b, because it is an interface and cannot substitute with subclass
[main] WARN soot.jimple.infoflow.android.entryPointCreators.components.ActivityEntryPointCreator - Cannot create valid constructor for com.inshot.cast.xcast.ad.i$a, because it is an interface and cannot substitute with subclass
[main] WARN soot.jimple.infoflow.android.entryPointCreators.components.ActivityEntryPointCreator - Cannot generate constructor for phantom class hl
[main] WARN soot.jimple.infoflow.android.entryPointCreators.components.ActivityEntryPointCreator - Cannot generate constructor for phantom class hm
[main] WARN soot.jimple.infoflow.android.entryPointCreators.components.ActivityEntryPointCreator - Cannot create valid constructor for com.inshot.cast.xcast.ad.s$a, because it is an interface and cannot substitute with subclass
[main] INFO soot.jimple.infoflow.android.SetupApplication - Constructing the callgraph...
[main] INFO soot.jimple.infoflow.android.callbacks.DefaultCallbackAnalyzer - Running incremental callback analysis for 0 components...
[main] INFO soot.jimple.infoflow.android.callbacks.DefaultCallbackAnalyzer - Incremental callback analysis done.
[main] INFO soot.jimple.infoflow.memory.MemoryWarningSystem - Shutting down the memory warning system...
[main] INFO soot.jimple.infoflow.android.SetupApplication - Callback analysis terminated normally
[main] INFO soot.jimple.infoflow.android.SetupApplication - Entry point calculation done.
[main] WARN soot.jimple.infoflow.android.data.parsers.PermissionMethodParser - Line does not match: <org.springframework.web.servlet.tags.UrlTag: java.lang.String createUrl)> -> _SINK_
[main] WARN soot.jimple.infoflow.android.data.parsers.PermissionMethodParser - Line does not match: <org.springframework.orm.hibernate3.support.ClobStringType: int[] sqlTypes)> -> _SINK_
[main] WARN soot.jimple.infoflow.android.data.parsers.PermissionMethodParser - Line does not match: <org.springframework.security.config.http.CsrfBeanDefinitionParser: org.springframework.beans.factory.config.BeanDefinition getCsrfLogoutHandler)> -> _SOURCE_
[main] WARN soot.jimple.infoflow.android.data.parsers.PermissionMethodParser - Line does not match: <java.io.File: java.io.File getAbsoluteFile)> -> _SOURCE_
[main] WARN soot.jimple.infoflow.android.data.parsers.PermissionMethodParser - Line does not match: <org.springframework.security.config.http.FormLoginBeanDefinitionParser: java.lang.String getLoginPage)> -> _SOURCE_
[main] WARN soot.jimple.infoflow.android.data.parsers.PermissionMethodParser - Line does not match: <com.google.auth.oauth2.UserCredentials: java.lang.String getClientSecret)> -> _SOURCE_
[main] WARN soot.jimple.infoflow.android.data.parsers.PermissionMethodParser - Line does not match: <org.springframework.web.servlet.tags.UrlTag: java.lang.String createUrl)> -> _SOURCE_
[main] WARN soot.jimple.infoflow.android.data.parsers.PermissionMethodParser - Line does not match: <java.io.File: java.io.File getCanonicalFile)> -> _SOURCE_
[main] WARN soot.jimple.infoflow.android.data.parsers.PermissionMethodParser - Line does not match: <org.apache.xmlrpc.webserver.RequestData: java.lang.String getMethod)> -> _SOURCE_
[main] WARN soot.jimple.infoflow.android.data.parsers.PermissionMethodParser - Line does not match: <org.dmfs.oauth2.client.http.requests.ResourceOwnerPasswordTokenRequest: org.dmfs.httpclient.HttpRequestEntity requestEntity)> -> _SOURCE_
[main] WARN soot.jimple.infoflow.android.data.parsers.PermissionMethodParser - Line does not match: <org.springframework.security.concurrent.DelegatingSecurityContextExecutorService: java.util.concurrent.ExecutorService getDelegate)> -> _SOURCE_
[main] WARN soot.jimple.infoflow.android.data.parsers.PermissionMethodParser - Line does not match: <org.springframework.security.config.annotation.web.builders.HttpSecurity: org.springframework.security.config.'annotation'.web.configurers.HeadersConfigurer headers)> -> _SOURCE_
[main] WARN soot.jimple.infoflow.android.data.parsers.PermissionMethodParser - Line does not match: <org.springframework.web.servlet.tags.EscapeBodyTag: java.lang.String readBodyContent)> -> _SOURCE_
[main] WARN soot.jimple.infoflow.android.data.parsers.PermissionMethodParser - Line does not match: <org.springframework.security.config.http.FormLoginBeanDefinitionParser: java.lang.String getLoginProcessingUrl)> -> _SOURCE_
[main] WARN soot.jimple.infoflow.android.data.parsers.PermissionMethodParser - Line does not match: <org.springframework.security.config.annotation.web.configurers.LogoutConfigurer: java.util.List getLogoutHandlers)> -> _SOURCE_
[main] WARN soot.jimple.infoflow.android.data.parsers.PermissionMethodParser - Line does not match: <org.apache.xmlrpc.webserver.RequestData: java.lang.String getHttpVersion)> -> _SOURCE_
[main] WARN soot.jimple.infoflow.android.data.parsers.PermissionMethodParser - Line does not match: <com.google.auth.oauth2.DefaultCredentialsProvider: java.io.File getWellKnownCredentialsFile)> -> _SOURCE_
[main] WARN soot.jimple.infoflow.android.data.parsers.PermissionMethodParser - Line does not match: <org.apache.xmlrpc.webserver.HttpServletRequestImpl: void parseParameters)> -> _SOURCE_
[main] WARN soot.jimple.infoflow.android.data.parsers.PermissionMethodParser - Line does not match:     
[main] INFO soot.jimple.infoflow.android.source.AccessPathBasedSourceSinkManager - Created a SourceSinkManager with 68 sources, 194 sinks, and 192 callback methods.
[main] INFO soot.jimple.infoflow.android.SetupApplication - Collecting callbacks and building a callgraph took 17 seconds
[main] INFO soot.jimple.infoflow.android.SetupApplication - Running data flow analysis on /s/fir/e/nobackup/app-analysis/apps/apps/castwebbrowsertotv.castwebvideo.webvideocaster/castwebbrowsertotv.castwebvideo.webvideocaster-27.apk with 68 sources and 194 sinks...
[main] WARN soot.jimple.infoflow.InfoflowConfiguration - Static field tracking is disabled, results may be incomplete
[main] INFO soot.jimple.infoflow.InfoflowConfiguration - Implicit flow tracking is NOT enabled
[main] INFO soot.jimple.infoflow.InfoflowConfiguration - Exceptional flow tracking is NOT enabled
[main] INFO soot.jimple.infoflow.InfoflowConfiguration - Running with a maximum access path length of 5
[main] INFO soot.jimple.infoflow.InfoflowConfiguration - Using path-agnostic result collection
[main] INFO soot.jimple.infoflow.InfoflowConfiguration - Recursive access path shortening is enabled
[main] INFO soot.jimple.infoflow.InfoflowConfiguration - Taint analysis enabled: true
[main] INFO soot.jimple.infoflow.InfoflowConfiguration - Using alias algorithm FlowSensitive
[main] INFO soot.jimple.infoflow.memory.MemoryWarningSystem - Registered a memory warning system for 4,805.1 MiB
[main] INFO soot.jimple.infoflow.android.SetupApplication$InPlaceInfoflow - Callgraph construction took 0 seconds
[main] INFO soot.jimple.infoflow.codeOptimization.InterproceduralConstantValuePropagator - Removing side-effect free methods is disabled
[FlowDroid Timeout Watcher] INFO soot.jimple.infoflow.memory.FlowDroidTimeoutWatcher - FlowDroid timeout watcher terminated
[main] INFO soot.jimple.infoflow.android.SetupApplication$InPlaceInfoflow - Dead code elimination took 0.336696627 seconds
[main] INFO soot.jimple.infoflow.android.SetupApplication$InPlaceInfoflow - Callgraph has 10319 edges
[main] INFO soot.jimple.infoflow.android.SetupApplication$InPlaceInfoflow - Starting Taint Analysis
[main] INFO soot.jimple.infoflow.android.SetupApplication$InPlaceInfoflow - Using context- and flow-sensitive solver
[main] INFO soot.jimple.infoflow.android.SetupApplication$InPlaceInfoflow - Using context- and flow-sensitive solver
[main] INFO soot.jimple.infoflow.memory.FlowDroidTimeoutWatcher - FlowDroid timeout watcher started
[main] WARN soot.jimple.infoflow.android.SetupApplication$InPlaceInfoflow - Running with limited join point abstractions can break context-sensitive path builders
[main] INFO soot.jimple.infoflow.android.SetupApplication$InPlaceInfoflow - Looking for sources and sinks...
[main] INFO soot.jimple.infoflow.android.SetupApplication$InPlaceInfoflow - Source lookup done, found 11 sources and 106 sinks.
[main] INFO soot.jimple.infoflow.android.SetupApplication$InPlaceInfoflow - Taint wrapper hits: 111
[main] INFO soot.jimple.infoflow.android.SetupApplication$InPlaceInfoflow - Taint wrapper misses: 86
[main] INFO soot.jimple.infoflow.android.SetupApplication$InPlaceInfoflow - IFDS problem with 1016 forward and 360 backward edges solved in 0 seconds, processing 6 results...
[main] INFO soot.jimple.infoflow.android.SetupApplication$InPlaceInfoflow - Current memory consumption: 318 MB
[main] INFO soot.jimple.infoflow.android.SetupApplication$InPlaceInfoflow - Memory consumption after cleanup: 191 MB
[main] INFO soot.jimple.infoflow.memory.FlowDroidTimeoutWatcher - FlowDroid timeout watcher started
[main] INFO soot.jimple.infoflow.data.pathBuilders.BatchPathBuilder - Running path reconstruction batch 1 with 5 elements
[main] INFO soot.jimple.infoflow.data.pathBuilders.ContextSensitivePathBuilder - Obtainted 5 connections between sources and sinks
[main] INFO soot.jimple.infoflow.data.pathBuilders.ContextSensitivePathBuilder - Building path 1...
[main] INFO soot.jimple.infoflow.data.pathBuilders.ContextSensitivePathBuilder - Building path 2...
[main] INFO soot.jimple.infoflow.data.pathBuilders.ContextSensitivePathBuilder - Building path 3...
[main] INFO soot.jimple.infoflow.data.pathBuilders.ContextSensitivePathBuilder - Building path 4...
[main] INFO soot.jimple.infoflow.data.pathBuilders.ContextSensitivePathBuilder - Building path 5...
[main] INFO soot.jimple.infoflow.data.pathBuilders.BatchPathBuilder - Running path reconstruction batch 2 with 1 elements
[main] INFO soot.jimple.infoflow.data.pathBuilders.ContextSensitivePathBuilder - Obtainted 1 connections between sources and sinks
[main] INFO soot.jimple.infoflow.data.pathBuilders.ContextSensitivePathBuilder - Building path 1...
[main] INFO soot.jimple.infoflow.memory.MemoryWarningSystem - Shutting down the memory warning system...
[main] INFO soot.jimple.infoflow.android.SetupApplication$InPlaceInfoflow - Memory consumption after path building: 182 MB
[main] INFO soot.jimple.infoflow.android.SetupApplication$InPlaceInfoflow - Path reconstruction took 0 seconds
[main] INFO soot.jimple.infoflow.android.SetupApplication$InPlaceInfoflow - The sink virtualinvoke $r17.<java.io.ByteArrayOutputStream: void write(byte[],int,int)>($r16, 0, $i1) in method <com.facebook.ads.internal.dynamicloading.DexLoadErrorReporter$1: void run()> was called with values from the following sources:
[main] INFO soot.jimple.infoflow.android.SetupApplication$InPlaceInfoflow - - $r18 = virtualinvoke $r4.<java.net.HttpURLConnection: java.io.InputStream getInputStream()>() in method <com.facebook.ads.internal.dynamicloading.DexLoadErrorReporter$1: void run()>
[main] INFO soot.jimple.infoflow.android.SetupApplication$InPlaceInfoflow - The sink virtualinvoke $r7.<java.io.FileOutputStream: void write(byte[],int,int)>($r8, 0, $i1) in method <com.inshot.cast.xcast.ad.p: java.lang.String a(java.lang.String,java.io.File)> was called with values from the following sources:
[main] INFO soot.jimple.infoflow.android.SetupApplication$InPlaceInfoflow - - $r6 = virtualinvoke $r5.<java.net.HttpURLConnection: java.io.InputStream getInputStream()>() in method <com.inshot.cast.xcast.ad.p: java.lang.String a(java.lang.String,java.io.File)>
[main] INFO soot.jimple.infoflow.android.SetupApplication$InPlaceInfoflow - The sink virtualinvoke $r9.<java.io.FileOutputStream: void write(byte[],int,int)>($r10, 0, $i0) in method <com.cc.promote.service.DownloadService: java.lang.String a(java.lang.String,java.io.File)> was called with values from the following sources:
[main] INFO soot.jimple.infoflow.android.SetupApplication$InPlaceInfoflow - - $r8 = virtualinvoke $r6.<java.net.HttpURLConnection: java.io.InputStream getInputStream()>() in method <com.cc.promote.service.DownloadService: java.lang.String a(java.lang.String,java.io.File)>
[main] INFO soot.jimple.infoflow.android.SetupApplication$InPlaceInfoflow - Data flow solver took 1 seconds. Maximum memory consumption: 318 MB
[main] INFO soot.jimple.infoflow.android.SetupApplication - Found 3 leaks
[FlowDroid Timeout Watcher] INFO soot.jimple.infoflow.memory.FlowDroidTimeoutWatcher - FlowDroid timeout watcher terminated
[FlowDroid Timeout Watcher] INFO soot.jimple.infoflow.memory.FlowDroidTimeoutWatcher - FlowDroid timeout watcher terminated
date # Sat 17 Oct 2020 10:37:48 AM MDT
