date # Sat 17 Oct 2020 10:47:44 AM MDT
java -jar FlowDroid/soot-infoflow-cmd/target/soot-infoflow-cmd-jar-with-dependencies.jar -ns -ne -dt 200 -ct 200 -rt 200 -a /s/chopin/l/grad/lnarmour/iot-app-analysis/apps/apps/com.mm.android.direct.AmcrestViewPro/com.mm.android.direct.AmcrestViewPro-42.apk -p android-sdk//platforms/ -s FlowDroid/soot-infoflow-android/SourcesAndSinks.txt
[main] INFO soot.jimple.infoflow.cmd.MainClass - Analyzing app /s/fir/e/nobackup/app-analysis/apps/apps/com.mm.android.direct.AmcrestViewPro/com.mm.android.direct.AmcrestViewPro-42.apk (1 of 1)...
[main] INFO soot.jimple.infoflow.android.SetupApplication - Initializing Soot...
[main] WARN soot.Scene - Android API version '26' not available, using minApkVersion '15' instead
[main] INFO soot.jimple.infoflow.android.SetupApplication - Loading dex files...
[main] INFO soot.jimple.infoflow.android.SetupApplication - ARSC file parsing took 0.039213198 seconds
[main] INFO soot.jimple.infoflow.memory.MemoryWarningSystem - Registered a memory warning system for 4,805.1 MiB
[main] INFO soot.jimple.infoflow.memory.FlowDroidTimeoutWatcher - FlowDroid timeout watcher started
[main] INFO soot.jimple.infoflow.android.entryPointCreators.AndroidEntryPointCreator - Creating Android entry point for 80 components...
[main] INFO soot.jimple.infoflow.android.SetupApplication - Constructing the callgraph...
[main] INFO soot.jimple.infoflow.android.callbacks.DefaultCallbackAnalyzer - Collecting callbacks in DEFAULT mode...
[main] INFO soot.jimple.infoflow.android.callbacks.DefaultCallbackAnalyzer - Callback analysis done.
[main] INFO soot.jimple.infoflow.android.entryPointCreators.AndroidEntryPointCreator - Creating Android entry point for 83 components...
[main] WARN soot.jimple.infoflow.android.entryPointCreators.components.ActivityEntryPointCreator - Cannot generate constructor for phantom class org.xml.sax.Attributes
[main] WARN soot.jimple.infoflow.android.entryPointCreators.components.ActivityEntryPointCreator - Cannot generate constructor for phantom class org.xml.sax.Attributes
[main] WARN soot.jimple.infoflow.android.entryPointCreators.components.ActivityEntryPointCreator - Cannot generate constructor for phantom class org.xml.sax.Attributes
[main] WARN soot.jimple.infoflow.android.entryPointCreators.components.ActivityEntryPointCreator - Cannot generate constructor for phantom class org.xml.sax.Attributes
[main] WARN soot.jimple.infoflow.android.entryPointCreators.components.ActivityEntryPointCreator - Cannot generate constructor for phantom class org.xml.sax.Attributes
[main] WARN soot.jimple.infoflow.android.entryPointCreators.components.ActivityEntryPointCreator - Cannot generate constructor for phantom class org.xml.sax.Attributes
[main] WARN soot.jimple.infoflow.android.entryPointCreators.components.ActivityEntryPointCreator - Cannot generate constructor for phantom class org.xml.sax.Attributes
[main] WARN soot.jimple.infoflow.android.entryPointCreators.components.ActivityEntryPointCreator - Cannot generate constructor for phantom class org.xml.sax.Attributes
[main] WARN soot.jimple.infoflow.android.entryPointCreators.components.ActivityEntryPointCreator - Cannot generate constructor for phantom class org.xml.sax.Attributes
[main] WARN soot.jimple.infoflow.android.entryPointCreators.components.ActivityEntryPointCreator - Cannot generate constructor for phantom class org.xml.sax.Attributes
[main] WARN soot.jimple.infoflow.android.entryPointCreators.components.ActivityEntryPointCreator - Cannot generate constructor for phantom class org.xml.sax.Attributes
[main] WARN soot.jimple.infoflow.android.entryPointCreators.components.ActivityEntryPointCreator - Cannot generate constructor for phantom class org.xml.sax.Attributes
[main] WARN soot.jimple.infoflow.android.entryPointCreators.components.ActivityEntryPointCreator - Cannot generate constructor for phantom class org.xml.sax.Attributes
[main] WARN soot.jimple.infoflow.android.entryPointCreators.components.ActivityEntryPointCreator - Cannot generate constructor for phantom class org.xml.sax.Attributes
[main] WARN soot.jimple.infoflow.android.entryPointCreators.components.ActivityEntryPointCreator - Cannot generate constructor for phantom class org.xml.sax.Attributes
[main] WARN soot.jimple.infoflow.android.entryPointCreators.components.ActivityEntryPointCreator - Cannot generate constructor for phantom class org.xml.sax.Attributes
[main] WARN soot.jimple.infoflow.android.entryPointCreators.components.ActivityEntryPointCreator - Cannot generate constructor for phantom class org.xml.sax.Attributes
[main] WARN soot.jimple.infoflow.android.entryPointCreators.components.ActivityEntryPointCreator - Cannot generate constructor for phantom class org.xml.sax.Attributes
[main] INFO soot.jimple.infoflow.android.SetupApplication - Constructing the callgraph...
[main] INFO soot.jimple.infoflow.android.callbacks.DefaultCallbackAnalyzer - Running incremental callback analysis for 80 components...
[main] INFO soot.jimple.infoflow.android.callbacks.DefaultCallbackAnalyzer - Incremental callback analysis done.
[main] INFO soot.jimple.infoflow.android.entryPointCreators.AndroidEntryPointCreator - Creating Android entry point for 83 components...
[main] WARN soot.jimple.infoflow.android.entryPointCreators.components.ActivityEntryPointCreator - Cannot generate constructor for phantom class org.xml.sax.Attributes
[main] WARN soot.jimple.infoflow.android.entryPointCreators.components.ActivityEntryPointCreator - Cannot generate constructor for phantom class org.xml.sax.Attributes
[main] WARN soot.jimple.infoflow.android.entryPointCreators.components.ActivityEntryPointCreator - Cannot generate constructor for phantom class org.xml.sax.Attributes
[main] WARN soot.jimple.infoflow.android.entryPointCreators.components.ActivityEntryPointCreator - Cannot generate constructor for phantom class org.xml.sax.Attributes
[main] WARN soot.jimple.infoflow.android.entryPointCreators.components.ActivityEntryPointCreator - Cannot generate constructor for phantom class org.xml.sax.Attributes
[main] WARN soot.jimple.infoflow.android.entryPointCreators.components.ActivityEntryPointCreator - Cannot generate constructor for phantom class org.xml.sax.Attributes
[main] WARN soot.jimple.infoflow.android.entryPointCreators.components.ActivityEntryPointCreator - Cannot generate constructor for phantom class org.xml.sax.Attributes
[main] WARN soot.jimple.infoflow.android.entryPointCreators.components.ActivityEntryPointCreator - Cannot generate constructor for phantom class org.xml.sax.Attributes
[main] WARN soot.jimple.infoflow.android.entryPointCreators.components.ActivityEntryPointCreator - Cannot generate constructor for phantom class org.xml.sax.Attributes
[main] WARN soot.jimple.infoflow.android.entryPointCreators.components.ActivityEntryPointCreator - Cannot generate constructor for phantom class org.xml.sax.Attributes
[main] WARN soot.jimple.infoflow.android.entryPointCreators.components.ActivityEntryPointCreator - Cannot generate constructor for phantom class org.xml.sax.Attributes
[main] WARN soot.jimple.infoflow.android.entryPointCreators.components.ActivityEntryPointCreator - Cannot generate constructor for phantom class org.xml.sax.Attributes
[main] WARN soot.jimple.infoflow.android.entryPointCreators.components.ActivityEntryPointCreator - Cannot generate constructor for phantom class org.xml.sax.Attributes
[main] WARN soot.jimple.infoflow.android.entryPointCreators.components.ActivityEntryPointCreator - Cannot generate constructor for phantom class org.xml.sax.Attributes
[main] WARN soot.jimple.infoflow.android.entryPointCreators.components.ActivityEntryPointCreator - Cannot generate constructor for phantom class org.xml.sax.Attributes
[main] WARN soot.jimple.infoflow.android.entryPointCreators.components.ActivityEntryPointCreator - Cannot generate constructor for phantom class org.xml.sax.Attributes
[main] WARN soot.jimple.infoflow.android.entryPointCreators.components.ActivityEntryPointCreator - Cannot generate constructor for phantom class org.xml.sax.Attributes
[main] WARN soot.jimple.infoflow.android.entryPointCreators.components.ActivityEntryPointCreator - Cannot generate constructor for phantom class org.xml.sax.Attributes
[main] INFO soot.jimple.infoflow.android.SetupApplication - Constructing the callgraph...
[main] INFO soot.jimple.infoflow.android.callbacks.DefaultCallbackAnalyzer - Running incremental callback analysis for 28 components...
[main] INFO soot.jimple.infoflow.android.callbacks.DefaultCallbackAnalyzer - Incremental callback analysis done.
[main] INFO soot.jimple.infoflow.android.entryPointCreators.AndroidEntryPointCreator - Creating Android entry point for 83 components...
[main] WARN soot.jimple.infoflow.android.entryPointCreators.components.ActivityEntryPointCreator - Cannot generate constructor for phantom class org.xml.sax.Attributes
[main] WARN soot.jimple.infoflow.android.entryPointCreators.components.ActivityEntryPointCreator - Cannot generate constructor for phantom class org.xml.sax.Attributes
[main] WARN soot.jimple.infoflow.android.entryPointCreators.components.ActivityEntryPointCreator - Cannot generate constructor for phantom class org.xml.sax.Attributes
[main] WARN soot.jimple.infoflow.android.entryPointCreators.components.ActivityEntryPointCreator - Cannot generate constructor for phantom class org.xml.sax.Attributes
[main] WARN soot.jimple.infoflow.android.entryPointCreators.components.ActivityEntryPointCreator - Cannot generate constructor for phantom class org.xml.sax.Attributes
[main] WARN soot.jimple.infoflow.android.entryPointCreators.components.ActivityEntryPointCreator - Cannot generate constructor for phantom class org.xml.sax.Attributes
[main] WARN soot.jimple.infoflow.android.entryPointCreators.components.ActivityEntryPointCreator - Cannot generate constructor for phantom class org.xml.sax.Attributes
[main] WARN soot.jimple.infoflow.android.entryPointCreators.components.ActivityEntryPointCreator - Cannot generate constructor for phantom class org.xml.sax.Attributes
[main] WARN soot.jimple.infoflow.android.entryPointCreators.components.ActivityEntryPointCreator - Cannot generate constructor for phantom class org.xml.sax.Attributes
[main] WARN soot.jimple.infoflow.android.entryPointCreators.components.ActivityEntryPointCreator - Cannot generate constructor for phantom class org.xml.sax.Attributes
[main] WARN soot.jimple.infoflow.android.entryPointCreators.components.ActivityEntryPointCreator - Cannot generate constructor for phantom class org.xml.sax.Attributes
[main] WARN soot.jimple.infoflow.android.entryPointCreators.components.ActivityEntryPointCreator - Cannot generate constructor for phantom class org.xml.sax.Attributes
[main] WARN soot.jimple.infoflow.android.entryPointCreators.components.ActivityEntryPointCreator - Cannot generate constructor for phantom class org.xml.sax.Attributes
[main] WARN soot.jimple.infoflow.android.entryPointCreators.components.ActivityEntryPointCreator - Cannot generate constructor for phantom class org.xml.sax.Attributes
[main] WARN soot.jimple.infoflow.android.entryPointCreators.components.ActivityEntryPointCreator - Cannot generate constructor for phantom class org.xml.sax.Attributes
[main] WARN soot.jimple.infoflow.android.entryPointCreators.components.ActivityEntryPointCreator - Cannot generate constructor for phantom class org.xml.sax.Attributes
[main] WARN soot.jimple.infoflow.android.entryPointCreators.components.ActivityEntryPointCreator - Cannot generate constructor for phantom class org.xml.sax.Attributes
[main] WARN soot.jimple.infoflow.android.entryPointCreators.components.ActivityEntryPointCreator - Cannot generate constructor for phantom class org.xml.sax.Attributes
[main] INFO soot.jimple.infoflow.android.SetupApplication - Constructing the callgraph...
[main] INFO soot.jimple.infoflow.android.callbacks.DefaultCallbackAnalyzer - Running incremental callback analysis for 0 components...
[main] INFO soot.jimple.infoflow.android.callbacks.DefaultCallbackAnalyzer - Incremental callback analysis done.
[main] INFO soot.jimple.infoflow.memory.MemoryWarningSystem - Shutting down the memory warning system...
[main] INFO soot.jimple.infoflow.android.SetupApplication - Callback analysis terminated normally
[main] INFO soot.jimple.infoflow.android.SetupApplication - Entry point calculation done.
[main] WARN soot.jimple.infoflow.android.data.parsers.PermissionMethodParser - Line does not match: <org.springframework.web.servlet.tags.UrlTag: java.lang.String createUrl)> -> _SINK_
[main] WARN soot.jimple.infoflow.android.data.parsers.PermissionMethodParser - Line does not match: <org.springframework.orm.hibernate3.support.ClobStringType: int[] sqlTypes)> -> _SINK_
[main] WARN soot.jimple.infoflow.android.data.parsers.PermissionMethodParser - Line does not match: <org.springframework.security.config.http.CsrfBeanDefinitionParser: org.springframework.beans.factory.config.BeanDefinition getCsrfLogoutHandler)> -> _SOURCE_
[main] WARN soot.jimple.infoflow.android.data.parsers.PermissionMethodParser - Line does not match: <java.io.File: java.io.File getAbsoluteFile)> -> _SOURCE_
[main] WARN soot.jimple.infoflow.android.data.parsers.PermissionMethodParser - Line does not match: <org.springframework.security.config.http.FormLoginBeanDefinitionParser: java.lang.String getLoginPage)> -> _SOURCE_
[main] WARN soot.jimple.infoflow.android.data.parsers.PermissionMethodParser - Line does not match: <com.google.auth.oauth2.UserCredentials: java.lang.String getClientSecret)> -> _SOURCE_
[main] WARN soot.jimple.infoflow.android.data.parsers.PermissionMethodParser - Line does not match: <org.springframework.web.servlet.tags.UrlTag: java.lang.String createUrl)> -> _SOURCE_
[main] WARN soot.jimple.infoflow.android.data.parsers.PermissionMethodParser - Line does not match: <java.io.File: java.io.File getCanonicalFile)> -> _SOURCE_
[main] WARN soot.jimple.infoflow.android.data.parsers.PermissionMethodParser - Line does not match: <org.apache.xmlrpc.webserver.RequestData: java.lang.String getMethod)> -> _SOURCE_
[main] WARN soot.jimple.infoflow.android.data.parsers.PermissionMethodParser - Line does not match: <org.dmfs.oauth2.client.http.requests.ResourceOwnerPasswordTokenRequest: org.dmfs.httpclient.HttpRequestEntity requestEntity)> -> _SOURCE_
[main] WARN soot.jimple.infoflow.android.data.parsers.PermissionMethodParser - Line does not match: <org.springframework.security.concurrent.DelegatingSecurityContextExecutorService: java.util.concurrent.ExecutorService getDelegate)> -> _SOURCE_
[main] WARN soot.jimple.infoflow.android.data.parsers.PermissionMethodParser - Line does not match: <org.springframework.security.config.annotation.web.builders.HttpSecurity: org.springframework.security.config.'annotation'.web.configurers.HeadersConfigurer headers)> -> _SOURCE_
[main] WARN soot.jimple.infoflow.android.data.parsers.PermissionMethodParser - Line does not match: <org.springframework.web.servlet.tags.EscapeBodyTag: java.lang.String readBodyContent)> -> _SOURCE_
[main] WARN soot.jimple.infoflow.android.data.parsers.PermissionMethodParser - Line does not match: <org.springframework.security.config.http.FormLoginBeanDefinitionParser: java.lang.String getLoginProcessingUrl)> -> _SOURCE_
[main] WARN soot.jimple.infoflow.android.data.parsers.PermissionMethodParser - Line does not match: <org.springframework.security.config.annotation.web.configurers.LogoutConfigurer: java.util.List getLogoutHandlers)> -> _SOURCE_
[main] WARN soot.jimple.infoflow.android.data.parsers.PermissionMethodParser - Line does not match: <org.apache.xmlrpc.webserver.RequestData: java.lang.String getHttpVersion)> -> _SOURCE_
[main] WARN soot.jimple.infoflow.android.data.parsers.PermissionMethodParser - Line does not match: <com.google.auth.oauth2.DefaultCredentialsProvider: java.io.File getWellKnownCredentialsFile)> -> _SOURCE_
[main] WARN soot.jimple.infoflow.android.data.parsers.PermissionMethodParser - Line does not match: <org.apache.xmlrpc.webserver.HttpServletRequestImpl: void parseParameters)> -> _SOURCE_
[main] WARN soot.jimple.infoflow.android.data.parsers.PermissionMethodParser - Line does not match:     
[main] INFO soot.jimple.infoflow.android.source.AccessPathBasedSourceSinkManager - Created a SourceSinkManager with 68 sources, 194 sinks, and 611 callback methods.
[main] INFO soot.jimple.infoflow.android.SetupApplication - Collecting callbacks and building a callgraph took 16 seconds
[main] INFO soot.jimple.infoflow.android.SetupApplication - Running data flow analysis on /s/fir/e/nobackup/app-analysis/apps/apps/com.mm.android.direct.AmcrestViewPro/com.mm.android.direct.AmcrestViewPro-42.apk with 68 sources and 194 sinks...
[main] WARN soot.jimple.infoflow.InfoflowConfiguration - Static field tracking is disabled, results may be incomplete
[main] INFO soot.jimple.infoflow.InfoflowConfiguration - Implicit flow tracking is NOT enabled
[main] INFO soot.jimple.infoflow.InfoflowConfiguration - Exceptional flow tracking is NOT enabled
[main] INFO soot.jimple.infoflow.InfoflowConfiguration - Running with a maximum access path length of 5
[main] INFO soot.jimple.infoflow.InfoflowConfiguration - Using path-agnostic result collection
[main] INFO soot.jimple.infoflow.InfoflowConfiguration - Recursive access path shortening is enabled
[main] INFO soot.jimple.infoflow.InfoflowConfiguration - Taint analysis enabled: true
[main] INFO soot.jimple.infoflow.InfoflowConfiguration - Using alias algorithm FlowSensitive
[main] INFO soot.jimple.infoflow.memory.MemoryWarningSystem - Registered a memory warning system for 4,805.1 MiB
[main] INFO soot.jimple.infoflow.android.SetupApplication$InPlaceInfoflow - Callgraph construction took 0 seconds
[main] INFO soot.jimple.infoflow.codeOptimization.InterproceduralConstantValuePropagator - Removing side-effect free methods is disabled
[FlowDroid Timeout Watcher] INFO soot.jimple.infoflow.memory.FlowDroidTimeoutWatcher - FlowDroid timeout watcher terminated
[main] INFO soot.jimple.infoflow.android.SetupApplication$InPlaceInfoflow - Dead code elimination took 0.598366043 seconds
[main] INFO soot.jimple.infoflow.android.SetupApplication$InPlaceInfoflow - Callgraph has 20442 edges
[main] INFO soot.jimple.infoflow.android.SetupApplication$InPlaceInfoflow - Starting Taint Analysis
[main] INFO soot.jimple.infoflow.android.SetupApplication$InPlaceInfoflow - Using context- and flow-sensitive solver
[main] INFO soot.jimple.infoflow.android.SetupApplication$InPlaceInfoflow - Using context- and flow-sensitive solver
[main] INFO soot.jimple.infoflow.memory.FlowDroidTimeoutWatcher - FlowDroid timeout watcher started
[main] WARN soot.jimple.infoflow.android.SetupApplication$InPlaceInfoflow - Running with limited join point abstractions can break context-sensitive path builders
[main] INFO soot.jimple.infoflow.android.SetupApplication$InPlaceInfoflow - Looking for sources and sinks...
[main] INFO soot.jimple.infoflow.android.SetupApplication$InPlaceInfoflow - Source lookup done, found 53 sources and 224 sinks.
[main] INFO soot.jimple.infoflow.android.SetupApplication$InPlaceInfoflow - Taint wrapper hits: 82063
[main] INFO soot.jimple.infoflow.android.SetupApplication$InPlaceInfoflow - Taint wrapper misses: 81012
[main] INFO soot.jimple.infoflow.android.SetupApplication$InPlaceInfoflow - IFDS problem with 856239 forward and 307536 backward edges solved in 5 seconds, processing 68 results...
[main] INFO soot.jimple.infoflow.android.SetupApplication$InPlaceInfoflow - Current memory consumption: 731 MB
[main] INFO soot.jimple.infoflow.android.SetupApplication$InPlaceInfoflow - Memory consumption after cleanup: 255 MB
[main] INFO soot.jimple.infoflow.memory.FlowDroidTimeoutWatcher - FlowDroid timeout watcher started
[main] INFO soot.jimple.infoflow.data.pathBuilders.BatchPathBuilder - Running path reconstruction batch 1 with 5 elements
[main] INFO soot.jimple.infoflow.data.pathBuilders.ContextSensitivePathBuilder - Obtainted 5 connections between sources and sinks
[main] INFO soot.jimple.infoflow.data.pathBuilders.ContextSensitivePathBuilder - Building path 1...
[main] INFO soot.jimple.infoflow.data.pathBuilders.ContextSensitivePathBuilder - Building path 2...
[main] INFO soot.jimple.infoflow.data.pathBuilders.ContextSensitivePathBuilder - Building path 3...
[main] INFO soot.jimple.infoflow.data.pathBuilders.ContextSensitivePathBuilder - Building path 4...
[main] INFO soot.jimple.infoflow.data.pathBuilders.ContextSensitivePathBuilder - Building path 5...
[main] INFO soot.jimple.infoflow.data.pathBuilders.BatchPathBuilder - Running path reconstruction batch 2 with 5 elements
[main] INFO soot.jimple.infoflow.data.pathBuilders.ContextSensitivePathBuilder - Obtainted 5 connections between sources and sinks
[main] INFO soot.jimple.infoflow.data.pathBuilders.ContextSensitivePathBuilder - Building path 1...
[main] INFO soot.jimple.infoflow.data.pathBuilders.ContextSensitivePathBuilder - Building path 2...
[main] INFO soot.jimple.infoflow.data.pathBuilders.ContextSensitivePathBuilder - Building path 3...
[main] INFO soot.jimple.infoflow.data.pathBuilders.ContextSensitivePathBuilder - Building path 4...
[main] INFO soot.jimple.infoflow.data.pathBuilders.ContextSensitivePathBuilder - Building path 5...
[main] INFO soot.jimple.infoflow.data.pathBuilders.BatchPathBuilder - Running path reconstruction batch 3 with 5 elements
[main] INFO soot.jimple.infoflow.data.pathBuilders.ContextSensitivePathBuilder - Obtainted 5 connections between sources and sinks
[main] INFO soot.jimple.infoflow.data.pathBuilders.ContextSensitivePathBuilder - Building path 1...
[main] INFO soot.jimple.infoflow.data.pathBuilders.ContextSensitivePathBuilder - Building path 2...
[main] INFO soot.jimple.infoflow.data.pathBuilders.ContextSensitivePathBuilder - Building path 3...
[main] INFO soot.jimple.infoflow.data.pathBuilders.ContextSensitivePathBuilder - Building path 4...
[main] INFO soot.jimple.infoflow.data.pathBuilders.ContextSensitivePathBuilder - Building path 5...
[main] INFO soot.jimple.infoflow.data.pathBuilders.BatchPathBuilder - Running path reconstruction batch 4 with 5 elements
[main] INFO soot.jimple.infoflow.data.pathBuilders.ContextSensitivePathBuilder - Obtainted 5 connections between sources and sinks
[main] INFO soot.jimple.infoflow.data.pathBuilders.ContextSensitivePathBuilder - Building path 1...
[main] INFO soot.jimple.infoflow.data.pathBuilders.ContextSensitivePathBuilder - Building path 2...
[main] INFO soot.jimple.infoflow.data.pathBuilders.ContextSensitivePathBuilder - Building path 3...
[main] INFO soot.jimple.infoflow.data.pathBuilders.ContextSensitivePathBuilder - Building path 4...
[main] INFO soot.jimple.infoflow.data.pathBuilders.ContextSensitivePathBuilder - Building path 5...
[main] INFO soot.jimple.infoflow.data.pathBuilders.BatchPathBuilder - Running path reconstruction batch 5 with 5 elements
[main] INFO soot.jimple.infoflow.data.pathBuilders.ContextSensitivePathBuilder - Obtainted 5 connections between sources and sinks
[main] INFO soot.jimple.infoflow.data.pathBuilders.ContextSensitivePathBuilder - Building path 1...
[main] INFO soot.jimple.infoflow.data.pathBuilders.ContextSensitivePathBuilder - Building path 2...
[main] INFO soot.jimple.infoflow.data.pathBuilders.ContextSensitivePathBuilder - Building path 3...
[main] INFO soot.jimple.infoflow.data.pathBuilders.ContextSensitivePathBuilder - Building path 4...
[main] INFO soot.jimple.infoflow.data.pathBuilders.ContextSensitivePathBuilder - Building path 5...
[main] INFO soot.jimple.infoflow.data.pathBuilders.BatchPathBuilder - Running path reconstruction batch 6 with 5 elements
[main] INFO soot.jimple.infoflow.data.pathBuilders.ContextSensitivePathBuilder - Obtainted 5 connections between sources and sinks
[main] INFO soot.jimple.infoflow.data.pathBuilders.ContextSensitivePathBuilder - Building path 1...
[main] INFO soot.jimple.infoflow.data.pathBuilders.ContextSensitivePathBuilder - Building path 2...
[main] INFO soot.jimple.infoflow.data.pathBuilders.ContextSensitivePathBuilder - Building path 3...
[main] INFO soot.jimple.infoflow.data.pathBuilders.ContextSensitivePathBuilder - Building path 4...
[main] INFO soot.jimple.infoflow.data.pathBuilders.ContextSensitivePathBuilder - Building path 5...
[main] INFO soot.jimple.infoflow.data.pathBuilders.BatchPathBuilder - Running path reconstruction batch 7 with 5 elements
[main] INFO soot.jimple.infoflow.data.pathBuilders.ContextSensitivePathBuilder - Obtainted 5 connections between sources and sinks
[main] INFO soot.jimple.infoflow.data.pathBuilders.ContextSensitivePathBuilder - Building path 1...
[main] INFO soot.jimple.infoflow.data.pathBuilders.ContextSensitivePathBuilder - Building path 2...
[main] INFO soot.jimple.infoflow.data.pathBuilders.ContextSensitivePathBuilder - Building path 3...
[main] INFO soot.jimple.infoflow.data.pathBuilders.ContextSensitivePathBuilder - Building path 4...
[main] INFO soot.jimple.infoflow.data.pathBuilders.ContextSensitivePathBuilder - Building path 5...
[main] INFO soot.jimple.infoflow.data.pathBuilders.BatchPathBuilder - Running path reconstruction batch 8 with 5 elements
[main] INFO soot.jimple.infoflow.data.pathBuilders.ContextSensitivePathBuilder - Obtainted 5 connections between sources and sinks
[main] INFO soot.jimple.infoflow.data.pathBuilders.ContextSensitivePathBuilder - Building path 1...
[main] INFO soot.jimple.infoflow.data.pathBuilders.ContextSensitivePathBuilder - Building path 2...
[main] INFO soot.jimple.infoflow.data.pathBuilders.ContextSensitivePathBuilder - Building path 3...
[main] INFO soot.jimple.infoflow.data.pathBuilders.ContextSensitivePathBuilder - Building path 4...
[main] INFO soot.jimple.infoflow.data.pathBuilders.ContextSensitivePathBuilder - Building path 5...
[main] INFO soot.jimple.infoflow.data.pathBuilders.BatchPathBuilder - Running path reconstruction batch 9 with 5 elements
[main] INFO soot.jimple.infoflow.data.pathBuilders.ContextSensitivePathBuilder - Obtainted 5 connections between sources and sinks
[main] INFO soot.jimple.infoflow.data.pathBuilders.ContextSensitivePathBuilder - Building path 1...
[main] INFO soot.jimple.infoflow.data.pathBuilders.ContextSensitivePathBuilder - Building path 2...
[main] INFO soot.jimple.infoflow.data.pathBuilders.ContextSensitivePathBuilder - Building path 3...
[main] INFO soot.jimple.infoflow.data.pathBuilders.ContextSensitivePathBuilder - Building path 4...
[main] INFO soot.jimple.infoflow.data.pathBuilders.ContextSensitivePathBuilder - Building path 5...
[main] INFO soot.jimple.infoflow.data.pathBuilders.BatchPathBuilder - Running path reconstruction batch 10 with 5 elements
[main] INFO soot.jimple.infoflow.data.pathBuilders.ContextSensitivePathBuilder - Obtainted 5 connections between sources and sinks
[main] INFO soot.jimple.infoflow.data.pathBuilders.ContextSensitivePathBuilder - Building path 1...
[main] INFO soot.jimple.infoflow.data.pathBuilders.ContextSensitivePathBuilder - Building path 2...
[main] INFO soot.jimple.infoflow.data.pathBuilders.ContextSensitivePathBuilder - Building path 3...
[main] INFO soot.jimple.infoflow.data.pathBuilders.ContextSensitivePathBuilder - Building path 4...
[main] INFO soot.jimple.infoflow.data.pathBuilders.ContextSensitivePathBuilder - Building path 5...
[main] INFO soot.jimple.infoflow.data.pathBuilders.BatchPathBuilder - Running path reconstruction batch 11 with 5 elements
[main] INFO soot.jimple.infoflow.data.pathBuilders.ContextSensitivePathBuilder - Obtainted 5 connections between sources and sinks
[main] INFO soot.jimple.infoflow.data.pathBuilders.ContextSensitivePathBuilder - Building path 1...
[main] INFO soot.jimple.infoflow.data.pathBuilders.ContextSensitivePathBuilder - Building path 2...
[main] INFO soot.jimple.infoflow.data.pathBuilders.ContextSensitivePathBuilder - Building path 3...
[main] INFO soot.jimple.infoflow.data.pathBuilders.ContextSensitivePathBuilder - Building path 4...
[main] INFO soot.jimple.infoflow.data.pathBuilders.ContextSensitivePathBuilder - Building path 5...
[main] INFO soot.jimple.infoflow.data.pathBuilders.BatchPathBuilder - Running path reconstruction batch 12 with 5 elements
[main] INFO soot.jimple.infoflow.data.pathBuilders.ContextSensitivePathBuilder - Obtainted 5 connections between sources and sinks
[main] INFO soot.jimple.infoflow.data.pathBuilders.ContextSensitivePathBuilder - Building path 1...
[main] INFO soot.jimple.infoflow.data.pathBuilders.ContextSensitivePathBuilder - Building path 2...
[main] INFO soot.jimple.infoflow.data.pathBuilders.ContextSensitivePathBuilder - Building path 3...
[main] INFO soot.jimple.infoflow.data.pathBuilders.ContextSensitivePathBuilder - Building path 4...
[main] INFO soot.jimple.infoflow.data.pathBuilders.ContextSensitivePathBuilder - Building path 5...
[main] INFO soot.jimple.infoflow.data.pathBuilders.BatchPathBuilder - Running path reconstruction batch 13 with 5 elements
[main] INFO soot.jimple.infoflow.data.pathBuilders.ContextSensitivePathBuilder - Obtainted 5 connections between sources and sinks
[main] INFO soot.jimple.infoflow.data.pathBuilders.ContextSensitivePathBuilder - Building path 1...
[main] INFO soot.jimple.infoflow.data.pathBuilders.ContextSensitivePathBuilder - Building path 2...
[main] INFO soot.jimple.infoflow.data.pathBuilders.ContextSensitivePathBuilder - Building path 3...
[main] INFO soot.jimple.infoflow.data.pathBuilders.ContextSensitivePathBuilder - Building path 4...
[main] INFO soot.jimple.infoflow.data.pathBuilders.ContextSensitivePathBuilder - Building path 5...
[main] INFO soot.jimple.infoflow.data.pathBuilders.BatchPathBuilder - Running path reconstruction batch 14 with 3 elements
[main] INFO soot.jimple.infoflow.data.pathBuilders.ContextSensitivePathBuilder - Obtainted 3 connections between sources and sinks
[main] INFO soot.jimple.infoflow.data.pathBuilders.ContextSensitivePathBuilder - Building path 1...
[main] INFO soot.jimple.infoflow.data.pathBuilders.ContextSensitivePathBuilder - Building path 2...
[main] INFO soot.jimple.infoflow.data.pathBuilders.ContextSensitivePathBuilder - Building path 3...
[main] INFO soot.jimple.infoflow.memory.MemoryWarningSystem - Shutting down the memory warning system...
[main] INFO soot.jimple.infoflow.android.SetupApplication$InPlaceInfoflow - Memory consumption after path building: 273 MB
[FlowDroid Timeout Watcher] INFO soot.jimple.infoflow.memory.FlowDroidTimeoutWatcher - FlowDroid timeout watcher terminated
[main] INFO soot.jimple.infoflow.android.SetupApplication$InPlaceInfoflow - Path reconstruction took 1 seconds
[main] INFO soot.jimple.infoflow.android.SetupApplication$InPlaceInfoflow - The sink virtualinvoke r0.<com.mm.android.direct.devicemanager.CameraLoginActivity: void startActivityForResult(android.content.Intent,int)>(r2, 126) in method <com.mm.android.direct.devicemanager.CameraLoginActivity: void goConfig()> was called with values from the following sources:
[main] INFO soot.jimple.infoflow.android.SetupApplication$InPlaceInfoflow - - $r7 = interfaceinvoke $r8.<android.database.Cursor: java.lang.String getString(int)>($i0) in method <com.mm.db.DeviceManager: com.mm.db.Device getDeviceByID(int)>
[main] INFO soot.jimple.infoflow.android.SetupApplication$InPlaceInfoflow - - $r7 = interfaceinvoke $r8.<android.database.Cursor: java.lang.String getString(int)>($i0) in method <com.mm.db.DeviceManager: com.mm.db.Device getDeviceByID(int)>
[main] INFO soot.jimple.infoflow.android.SetupApplication$InPlaceInfoflow - - $r7 = interfaceinvoke $r8.<android.database.Cursor: java.lang.String getString(int)>($i0) in method <com.mm.db.DeviceManager: com.mm.db.Device getDeviceByID(int)>
[main] INFO soot.jimple.infoflow.android.SetupApplication$InPlaceInfoflow - The sink virtualinvoke r0.<com.mm.android.direct.push.PushConfigActivity: void startActivityForResult(android.content.Intent,int)>(r3, 118) in method <com.mm.android.direct.push.PushConfigActivity: void gotoSpinnerFragment(java.util.ArrayList,boolean,java.lang.String,int)> was called with values from the following sources:
[main] INFO soot.jimple.infoflow.android.SetupApplication$InPlaceInfoflow - - $r9 = interfaceinvoke $r10.<android.database.Cursor: java.lang.String getString(int)>($i0) in method <com.mm.db.PushManager: java.util.List getPushItemsByDid(int)>
[main] INFO soot.jimple.infoflow.android.SetupApplication$InPlaceInfoflow - - $r9 = interfaceinvoke $r10.<android.database.Cursor: java.lang.String getString(int)>($i0) in method <com.mm.db.ChannelManager: java.util.List getNormalChannelsByDid(int)>
[main] INFO soot.jimple.infoflow.android.SetupApplication$InPlaceInfoflow - - $r9 = interfaceinvoke $r10.<android.database.Cursor: java.lang.String getString(int)>($i0) in method <com.mm.db.PushManager: java.util.List getPushItemsByDid(int)>
[main] INFO soot.jimple.infoflow.android.SetupApplication$InPlaceInfoflow - The sink virtualinvoke r0.<com.mm.android.direct.devicemanager.DeviceDetailActivity: void startActivityForResult(android.content.Intent,int)>(r3, 126) in method <com.mm.android.direct.devicemanager.DeviceDetailActivity: void onClick(android.view.View)> was called with values from the following sources:
[main] INFO soot.jimple.infoflow.android.SetupApplication$InPlaceInfoflow - - $r7 = interfaceinvoke $r8.<android.database.Cursor: java.lang.String getString(int)>($i0) in method <com.mm.db.DeviceManager: com.mm.db.Device getDeviceByID(int)>
[main] INFO soot.jimple.infoflow.android.SetupApplication$InPlaceInfoflow - - $r7 = interfaceinvoke $r8.<android.database.Cursor: java.lang.String getString(int)>($i0) in method <com.mm.db.DeviceManager: com.mm.db.Device getDeviceByID(int)>
[main] INFO soot.jimple.infoflow.android.SetupApplication$InPlaceInfoflow - - $r7 = interfaceinvoke $r8.<android.database.Cursor: java.lang.String getString(int)>($i0) in method <com.mm.db.DeviceManager: com.mm.db.Device getDeviceByID(int)>
[main] INFO soot.jimple.infoflow.android.SetupApplication$InPlaceInfoflow - The sink virtualinvoke $r3.<com.mm.android.direct.favorite.FavoriteGroupChannelActivity: void startActivityForResult(android.content.Intent,int)>(r2, 1) in method <com.mm.android.direct.favorite.FavoriteGroupChannelActivity$2: void onClick(android.view.View)> was called with values from the following sources:
[main] INFO soot.jimple.infoflow.android.SetupApplication$InPlaceInfoflow - - $r2 = interfaceinvoke $r11.<android.database.Cursor: java.lang.String getString(int)>(1) in method <com.mm.db.GroupManager: void setGroupChannelMap(com.mm.db.Group,java.lang.String)>
[main] INFO soot.jimple.infoflow.android.SetupApplication$InPlaceInfoflow - - $r7 = interfaceinvoke $r8.<android.database.Cursor: java.lang.String getString(int)>($i0) in method <com.mm.db.GroupManager: com.mm.db.Group getGroupById(int)>
[main] INFO soot.jimple.infoflow.android.SetupApplication$InPlaceInfoflow - - $r7 = interfaceinvoke $r8.<android.database.Cursor: java.lang.String getString(int)>($i0) in method <com.mm.db.GroupManager: com.mm.db.Group getGroupById(int)>
[main] INFO soot.jimple.infoflow.android.SetupApplication$InPlaceInfoflow - - $r2 = interfaceinvoke $r11.<android.database.Cursor: java.lang.String getString(int)>(0) in method <com.mm.db.GroupManager: void setGroupChannelMap(com.mm.db.Group,java.lang.String)>
[main] INFO soot.jimple.infoflow.android.SetupApplication$InPlaceInfoflow - The sink virtualinvoke r0.<com.mm.android.direct.remoteconfig.encode.ChannelConfigActivity: void startActivityForResult(android.content.Intent,int)>(r2, 118) in method <com.mm.android.direct.remoteconfig.encode.ChannelConfigActivity: void gotoSpinner(int)> was called with values from the following sources:
[main] INFO soot.jimple.infoflow.android.SetupApplication$InPlaceInfoflow - - $r8 = interfaceinvoke $r9.<android.database.Cursor: java.lang.String getString(int)>($i0) in method <com.mm.db.ChannelManager: java.util.List getNormalChannelNamesByDid(int)>
[main] INFO soot.jimple.infoflow.android.SetupApplication$InPlaceInfoflow - The sink virtualinvoke r0.<com.mm.android.direct.devicemanager.DeviceDetailActivity: void startActivityForResult(android.content.Intent,int)>(r3, 126) in method <com.mm.android.direct.devicemanager.DeviceDetailActivity: void onClick(android.view.View)> was called with values from the following sources:
[main] INFO soot.jimple.infoflow.android.SetupApplication$InPlaceInfoflow - - $r7 = interfaceinvoke $r8.<android.database.Cursor: java.lang.String getString(int)>($i0) in method <com.mm.db.DeviceManager: com.mm.db.Device getDeviceByID(int)>
[main] INFO soot.jimple.infoflow.android.SetupApplication$InPlaceInfoflow - - $r7 = interfaceinvoke $r8.<android.database.Cursor: java.lang.String getString(int)>($i0) in method <com.mm.db.DeviceManager: com.mm.db.Device getDeviceByID(int)>
[main] INFO soot.jimple.infoflow.android.SetupApplication$InPlaceInfoflow - - $r7 = interfaceinvoke $r8.<android.database.Cursor: java.lang.String getString(int)>($i0) in method <com.mm.db.DeviceManager: com.mm.db.Device getDeviceByID(int)>
[main] INFO soot.jimple.infoflow.android.SetupApplication$InPlaceInfoflow - The sink virtualinvoke r0.<com.mm.android.direct.devicemanager.CameraLoginActivity: void startActivityForResult(android.content.Intent,int)>(r2, 126) in method <com.mm.android.direct.devicemanager.CameraLoginActivity: void goConfig()> was called with values from the following sources:
[main] INFO soot.jimple.infoflow.android.SetupApplication$InPlaceInfoflow - - $r7 = interfaceinvoke $r8.<android.database.Cursor: java.lang.String getString(int)>($i0) in method <com.mm.db.DeviceManager: com.mm.db.Device getDeviceByID(int)>
[main] INFO soot.jimple.infoflow.android.SetupApplication$InPlaceInfoflow - - $r7 = interfaceinvoke $r8.<android.database.Cursor: java.lang.String getString(int)>($i0) in method <com.mm.db.DeviceManager: com.mm.db.Device getDeviceByID(int)>
[main] INFO soot.jimple.infoflow.android.SetupApplication$InPlaceInfoflow - The sink virtualinvoke $r5.<com.mm.android.direct.devicemanager.DeviceDetailActivity: void startActivityForResult(android.content.Intent,int)>(r2, 150) in method <com.mm.android.direct.devicemanager.DeviceDetailActivity$10: void run()> was called with values from the following sources:
[main] INFO soot.jimple.infoflow.android.SetupApplication$InPlaceInfoflow - - $r7 = interfaceinvoke $r8.<android.database.Cursor: java.lang.String getString(int)>($i0) in method <com.mm.db.DeviceManager: com.mm.db.Device getDeviceByID(int)>
[main] INFO soot.jimple.infoflow.android.SetupApplication$InPlaceInfoflow - - $r7 = interfaceinvoke $r8.<android.database.Cursor: java.lang.String getString(int)>($i0) in method <com.mm.db.DeviceManager: com.mm.db.Device getDeviceByID(int)>
[main] INFO soot.jimple.infoflow.android.SetupApplication$InPlaceInfoflow - - $r7 = interfaceinvoke $r8.<android.database.Cursor: java.lang.String getString(int)>($i0) in method <com.mm.db.DeviceManager: com.mm.db.Device getDeviceByID(int)>
[main] INFO soot.jimple.infoflow.android.SetupApplication$InPlaceInfoflow - - $r7 = interfaceinvoke $r8.<android.database.Cursor: java.lang.String getString(int)>($i0) in method <com.mm.db.DeviceManager: com.mm.db.Device getDeviceByID(int)>
[main] INFO soot.jimple.infoflow.android.SetupApplication$InPlaceInfoflow - - $r7 = interfaceinvoke $r8.<android.database.Cursor: java.lang.String getString(int)>($i0) in method <com.mm.db.DeviceManager: com.mm.db.Device getDeviceByID(int)>
[main] INFO soot.jimple.infoflow.android.SetupApplication$InPlaceInfoflow - - $r7 = interfaceinvoke $r8.<android.database.Cursor: java.lang.String getString(int)>($i0) in method <com.mm.db.DeviceManager: com.mm.db.Device getDeviceByID(int)>
[main] INFO soot.jimple.infoflow.android.SetupApplication$InPlaceInfoflow - The sink virtualinvoke r0.<com.mm.android.direct.remoteconfig.alarmout.AlarmOutActivity: void startActivityForResult(android.content.Intent,int)>(r1, 102) in method <com.mm.android.direct.remoteconfig.alarmout.AlarmOutActivity: void mdyAlarmOutChannelName(int)> was called with values from the following sources:
[main] INFO soot.jimple.infoflow.android.SetupApplication$InPlaceInfoflow - - $r8 = interfaceinvoke $r9.<android.database.Cursor: java.lang.String getString(int)>($i0) in method <com.mm.db.AlarmChannelManager: java.util.List getAlarmChannelsByDev(int)>
[main] INFO soot.jimple.infoflow.android.SetupApplication$InPlaceInfoflow - The sink virtualinvoke r0.<com.mm.android.direct.remoteconfig.motiondetect.MotionDetectConfigActivity: void startActivityForResult(android.content.Intent,int)>(r2, 0) in method <com.mm.android.direct.remoteconfig.motiondetect.MotionDetectConfigActivity: void goPush(long,int,com.mm.db.Device)> was called with values from the following sources:
[main] INFO soot.jimple.infoflow.android.SetupApplication$InPlaceInfoflow - - $r7 = interfaceinvoke $r8.<android.database.Cursor: java.lang.String getString(int)>($i0) in method <com.mm.db.DeviceManager: com.mm.db.Device getDeviceByID(int)>
[main] INFO soot.jimple.infoflow.android.SetupApplication$InPlaceInfoflow - The sink virtualinvoke $r5.<com.mm.android.direct.devicemanager.CameraLoginActivity: void startActivityForResult(android.content.Intent,int)>(r2, 150) in method <com.mm.android.direct.devicemanager.CameraLoginActivity$2: void run()> was called with values from the following sources:
[main] INFO soot.jimple.infoflow.android.SetupApplication$InPlaceInfoflow - - $r7 = interfaceinvoke $r8.<android.database.Cursor: java.lang.String getString(int)>($i0) in method <com.mm.db.DeviceManager: com.mm.db.Device getDeviceByID(int)>
[main] INFO soot.jimple.infoflow.android.SetupApplication$InPlaceInfoflow - The sink virtualinvoke r0.<com.mm.android.direct.devicemanager.DDNSManagerActivity: android.content.Intent registerReceiver(android.content.BroadcastReceiver,android.content.IntentFilter)>($r2, r1) in method <com.mm.android.direct.devicemanager.DDNSManagerActivity: void Register()> was called with values from the following sources:
[main] INFO soot.jimple.infoflow.android.SetupApplication$InPlaceInfoflow - - $r2 = virtualinvoke r0.<com.mm.android.direct.devicemanager.DDNSManagerActivity: android.view.View findViewById(int)>(2131624311) in method <com.mm.android.direct.devicemanager.DDNSManagerActivity: void initUI()>
[main] INFO soot.jimple.infoflow.android.SetupApplication$InPlaceInfoflow - The sink virtualinvoke r0.<com.mm.android.direct.push.DevicePushActivity: void startActivityForResult(android.content.Intent,int)>(r2, 0) in method <com.mm.android.direct.push.DevicePushActivity: void gotoPushConfig(long,int,com.mm.db.Device)> was called with values from the following sources:
[main] INFO soot.jimple.infoflow.android.SetupApplication$InPlaceInfoflow - - $r7 = interfaceinvoke $r8.<android.database.Cursor: java.lang.String getString(int)>($i0) in method <com.mm.db.DeviceManager: com.mm.db.Device getDeviceByID(int)>
[main] INFO soot.jimple.infoflow.android.SetupApplication$InPlaceInfoflow - The sink virtualinvoke r0.<com.mm.android.direct.remoteconfig.alarmmotion.AlarmMotionActivity: android.content.Intent registerReceiver(android.content.BroadcastReceiver,android.content.IntentFilter)>($r3, r2) in method <com.mm.android.direct.remoteconfig.alarmmotion.AlarmMotionActivity: void onCreate(android.os.Bundle)> was called with values from the following sources:
[main] INFO soot.jimple.infoflow.android.SetupApplication$InPlaceInfoflow - - $r7 = interfaceinvoke $r8.<android.database.Cursor: java.lang.String getString(int)>($i0) in method <com.mm.db.DeviceManager: com.mm.db.Device getDeviceByID(int)>
[main] INFO soot.jimple.infoflow.android.SetupApplication$InPlaceInfoflow - - $r8 = interfaceinvoke $r9.<android.database.Cursor: java.lang.String getString(int)>($i0) in method <com.mm.db.ChannelManager: java.util.List getNormalChannelNamesByDid(int)>
[main] INFO soot.jimple.infoflow.android.SetupApplication$InPlaceInfoflow - The sink virtualinvoke r0.<com.mm.android.direct.remoteconfig.encode.ChannelConfigActivity: void startActivityForResult(android.content.Intent,int)>(r2, 100) in method <com.mm.android.direct.remoteconfig.encode.ChannelConfigActivity: void choseChannel()> was called with values from the following sources:
[main] INFO soot.jimple.infoflow.android.SetupApplication$InPlaceInfoflow - - $r8 = interfaceinvoke $r9.<android.database.Cursor: java.lang.String getString(int)>($i0) in method <com.mm.db.ChannelManager: java.util.List getNormalChannelNamesByDid(int)>
[main] INFO soot.jimple.infoflow.android.SetupApplication$InPlaceInfoflow - Data flow solver took 7 seconds. Maximum memory consumption: 731 MB
[main] INFO soot.jimple.infoflow.android.SetupApplication - Found 15 leaks
[FlowDroid Timeout Watcher] INFO soot.jimple.infoflow.memory.FlowDroidTimeoutWatcher - FlowDroid timeout watcher terminated
date # Sat 17 Oct 2020 10:48:10 AM MDT
